{"total": {"lines":{"total":4201,"covered":862,"skipped":0,"pct":20.51},"statements":{"total":4821,"covered":942,"skipped":0,"pct":19.53},"functions":{"total":735,"covered":148,"skipped":0,"pct":20.13},"branches":{"total":3238,"covered":491,"skipped":0,"pct":15.16},"branchesTrue":{"total":0,"covered":0,"skipped":0,"pct":100}}
,"D:\\mimo tui\\src\\config.ts": {"lines":{"total":42,"covered":0,"skipped":0,"pct":0},"functions":{"total":6,"covered":0,"skipped":0,"pct":0},"statements":{"total":61,"covered":0,"skipped":0,"pct":0},"branches":{"total":63,"covered":0,"skipped":0,"pct":0}}
,"D:\\mimo tui\\src\\agent\\compact.ts": {"lines":{"total":43,"covered":36,"skipped":0,"pct":83.72},"functions":{"total":7,"covered":6,"skipped":0,"pct":85.71},"statements":{"total":47,"covered":38,"skipped":0,"pct":80.85},"branches":{"total":35,"covered":18,"skipped":0,"pct":51.42}}
,"D:\\mimo tui\\src\\agent\\loop.ts": {"lines":{"total":262,"covered":0,"skipped":0,"pct":0},"functions":{"total":26,"covered":0,"skipped":0,"pct":0},"statements":{"total":298,"covered":0,"skipped":0,"pct":0},"branches":{"total":227,"covered":0,"skipped":0,"pct":0}}
,"D:\\mimo tui\\src\\agent\\modes.ts": {"lines":{"total":14,"covered":14,"skipped":0,"pct":100},"functions":{"total":4,"covered":4,"skipped":0,"pct":100},"statements":{"total":14,"covered":14,"skipped":0,"pct":100},"branches":{"total":6,"covered":6,"skipped":0,"pct":100}}
,"D:\\mimo tui\\src\\agent\\sub-agent.ts": {"lines":{"total":32,"covered":0,"skipped":0,"pct":0},"functions":{"total":11,"covered":0,"skipped":0,"pct":0},"statements":{"total":33,"covered":0,"skipped":0,"pct":0},"branches":{"total":13,"covered":0,"skipped":0,"pct":0}}
,"D:\\mimo tui\\src\\analysis\\ast-parser.ts": {"lines":{"total":84,"covered":11,"skipped":0,"pct":13.09},"functions":{"total":9,"covered":3,"skipped":0,"pct":33.33},"statements":{"total":93,"covered":11,"skipped":0,"pct":11.82},"branches":{"total":64,"covered":2,"skipped":0,"pct":3.12}}
,"D:\\mimo tui\\src\\analysis\\deps-analyzer.ts": {"lines":{"total":54,"covered":54,"skipped":0,"pct":100},"functions":{"total":6,"covered":6,"skipped":0,"pct":100},"statements":{"total":61,"covered":59,"skipped":0,"pct":96.72},"branches":{"total":35,"covered":33,"skipped":0,"pct":94.28}}
,"D:\\mimo tui\\src\\api\\client.ts": {"lines":{"total":186,"covered":0,"skipped":0,"pct":0},"functions":{"total":14,"covered":0,"skipped":0,"pct":0},"statements":{"total":213,"covered":0,"skipped":0,"pct":0},"branches":{"total":176,"covered":0,"skipped":0,"pct":0}}
,"D:\\mimo tui\\src\\api\\provider.ts": {"lines":{"total":0,"covered":0,"skipped":0,"pct":100},"functions":{"total":0,"covered":0,"skipped":0,"pct":100},"statements":{"total":0,"covered":0,"skipped":0,"pct":100},"branches":{"total":0,"covered":0,"skipped":0,"pct":100}}
,"D:\\mimo tui\\src\\api\\types.ts": {"lines":{"total":0,"covered":0,"skipped":0,"pct":100},"functions":{"total":0,"covered":0,"skipped":0,"pct":100},"statements":{"total":0,"covered":0,"skipped":0,"pct":100},"branches":{"total":0,"covered":0,"skipped":0,"pct":100}}
,"D:\\mimo tui\\src\\api\\providers\\anthropic.ts": {"lines":{"total":220,"covered":38,"skipped":0,"pct":17.27},"functions":{"total":15,"covered":4,"skipped":0,"pct":26.66},"statements":{"total":248,"covered":49,"skipped":0,"pct":19.75},"branches":{"total":222,"covered":21,"skipped":0,"pct":9.45}}
,"D:\\mimo tui\\src\\api\\providers\\gemini.ts": {"lines":{"total":138,"covered":0,"skipped":0,"pct":0},"functions":{"total":11,"covered":0,"skipped":0,"pct":0},"statements":{"total":150,"covered":0,"skipped":0,"pct":0},"branches":{"total":127,"covered":0,"skipped":0,"pct":0}}
,"D:\\mimo tui\\src\\api\\providers\\index.ts": {"lines":{"total":8,"covered":0,"skipped":0,"pct":0},"functions":{"total":1,"covered":0,"skipped":0,"pct":0},"statements":{"total":10,"covered":0,"skipped":0,"pct":0},"branches":{"total":14,"covered":0,"skipped":0,"pct":0}}
,"D:\\mimo tui\\src\\api\\providers\\openai.ts": {"lines":{"total":75,"covered":33,"skipped":0,"pct":44},"functions":{"total":10,"covered":9,"skipped":0,"pct":90},"statements":{"total":89,"covered":37,"skipped":0,"pct":41.57},"branches":{"total":104,"covered":41,"skipped":0,"pct":39.42}}
,"D:\\mimo tui\\src\\commands\\ai.ts": {"lines":{"total":165,"covered":0,"skipped":0,"pct":0},"functions":{"total":56,"covered":0,"skipped":0,"pct":0},"statements":{"total":210,"covered":0,"skipped":0,"pct":0},"branches":{"total":104,"covered":0,"skipped":0,"pct":0}}
,"D:\\mimo tui\\src\\commands\\cost.ts": {"lines":{"total":94,"covered":0,"skipped":0,"pct":0},"functions":{"total":28,"covered":0,"skipped":0,"pct":0},"statements":{"total":112,"covered":0,"skipped":0,"pct":0},"branches":{"total":71,"covered":0,"skipped":0,"pct":0}}
,"D:\\mimo tui\\src\\commands\\git.ts": {"lines":{"total":192,"covered":0,"skipped":0,"pct":0},"functions":{"total":52,"covered":0,"skipped":0,"pct":0},"statements":{"total":236,"covered":0,"skipped":0,"pct":0},"branches":{"total":148,"covered":0,"skipped":0,"pct":0}}
,"D:\\mimo tui\\src\\commands\\index.ts": {"lines":{"total":12,"covered":0,"skipped":0,"pct":0},"functions":{"total":1,"covered":0,"skipped":0,"pct":0},"statements":{"total":12,"covered":0,"skipped":0,"pct":0},"branches":{"total":67,"covered":0,"skipped":0,"pct":0}}
,"D:\\mimo tui\\src\\commands\\session.ts": {"lines":{"total":89,"covered":0,"skipped":0,"pct":0},"functions":{"total":21,"covered":0,"skipped":0,"pct":0},"statements":{"total":111,"covered":0,"skipped":0,"pct":0},"branches":{"total":56,"covered":0,"skipped":0,"pct":0}}
,"D:\\mimo tui\\src\\commands\\tools.ts": {"lines":{"total":331,"covered":0,"skipped":0,"pct":0},"functions":{"total":97,"covered":0,"skipped":0,"pct":0},"statements":{"total":419,"covered":0,"skipped":0,"pct":0},"branches":{"total":224,"covered":0,"skipped":0,"pct":0}}
,"D:\\mimo tui\\src\\commands\\types.ts": {"lines":{"total":0,"covered":0,"skipped":0,"pct":100},"functions":{"total":0,"covered":0,"skipped":0,"pct":100},"statements":{"total":0,"covered":0,"skipped":0,"pct":100},"branches":{"total":0,"covered":0,"skipped":0,"pct":100}}
,"D:\\mimo tui\\src\\hooks\\index.ts": {"lines":{"total":19,"covered":0,"skipped":0,"pct":0},"functions":{"total":7,"covered":0,"skipped":0,"pct":0},"statements":{"total":20,"covered":0,"skipped":0,"pct":0},"branches":{"total":10,"covered":0,"skipped":0,"pct":0}}
,"D:\\mimo tui\\src\\mcp\\client.ts": {"lines":{"total":77,"covered":0,"skipped":0,"pct":0},"functions":{"total":15,"covered":0,"skipped":0,"pct":0},"statements":{"total":83,"covered":0,"skipped":0,"pct":0},"branches":{"total":38,"covered":0,"skipped":0,"pct":0}}
,"D:\\mimo tui\\src\\plugins\\context.ts": {"lines":{"total":12,"covered":9,"skipped":0,"pct":75},"functions":{"total":9,"covered":6,"skipped":0,"pct":66.66},"statements":{"total":12,"covered":9,"skipped":0,"pct":75},"branches":{"total":0,"covered":0,"skipped":0,"pct":100}}
,"D:\\mimo tui\\src\\plugins\\manager.ts": {"lines":{"total":77,"covered":53,"skipped":0,"pct":68.83},"functions":{"total":13,"covered":13,"skipped":0,"pct":100},"statements":{"total":86,"covered":58,"skipped":0,"pct":67.44},"branches":{"total":42,"covered":20,"skipped":0,"pct":47.61}}
,"D:\\mimo tui\\src\\plugins\\types.ts": {"lines":{"total":0,"covered":0,"skipped":0,"pct":100},"functions":{"total":0,"covered":0,"skipped":0,"pct":100},"statements":{"total":0,"covered":0,"skipped":0,"pct":100},"branches":{"total":0,"covered":0,"skipped":0,"pct":100}}
,"D:\\mimo tui\\src\\session\\manager.ts": {"lines":{"total":28,"covered":0,"skipped":0,"pct":0},"functions":{"total":13,"covered":0,"skipped":0,"pct":0},"statements":{"total":31,"covered":0,"skipped":0,"pct":0},"branches":{"total":14,"covered":0,"skipped":0,"pct":0}}
,"D:\\mimo tui\\src\\session\\store.ts": {"lines":{"total":42,"covered":0,"skipped":0,"pct":0},"functions":{"total":14,"covered":0,"skipped":0,"pct":0},"statements":{"total":48,"covered":0,"skipped":0,"pct":0},"branches":{"total":33,"covered":0,"skipped":0,"pct":0}}
,"D:\\mimo tui\\src\\skills\\loader.ts": {"lines":{"total":35,"covered":0,"skipped":0,"pct":0},"functions":{"total":8,"covered":0,"skipped":0,"pct":0},"statements":{"total":39,"covered":0,"skipped":0,"pct":0},"branches":{"total":22,"covered":0,"skipped":0,"pct":0}}
,"D:\\mimo tui\\src\\tools\\benchmark.ts": {"lines":{"total":33,"covered":0,"skipped":0,"pct":0},"functions":{"total":1,"covered":0,"skipped":0,"pct":0},"statements":{"total":38,"covered":0,"skipped":0,"pct":0},"branches":{"total":16,"covered":0,"skipped":0,"pct":0}}
,"D:\\mimo tui\\src\\tools\\code-review.ts": {"lines":{"total":53,"covered":48,"skipped":0,"pct":90.56},"functions":{"total":4,"covered":4,"skipped":0,"pct":100},"statements":{"total":70,"covered":58,"skipped":0,"pct":82.85},"branches":{"total":68,"covered":55,"skipped":0,"pct":80.88}}
,"D:\\mimo tui\\src\\tools\\codebase.ts": {"lines":{"total":218,"covered":0,"skipped":0,"pct":0},"functions":{"total":33,"covered":0,"skipped":0,"pct":0},"statements":{"total":246,"covered":0,"skipped":0,"pct":0},"branches":{"total":128,"covered":0,"skipped":0,"pct":0}}
,"D:\\mimo tui\\src\\tools\\coverage.ts": {"lines":{"total":182,"covered":0,"skipped":0,"pct":0},"functions":{"total":17,"covered":0,"skipped":0,"pct":0},"statements":{"total":189,"covered":0,"skipped":0,"pct":0},"branches":{"total":138,"covered":0,"skipped":0,"pct":0}}
,"D:\\mimo tui\\src\\tools\\database.ts": {"lines":{"total":129,"covered":109,"skipped":0,"pct":84.49},"functions":{"total":18,"covered":17,"skipped":0,"pct":94.44},"statements":{"total":138,"covered":114,"skipped":0,"pct":82.6},"branches":{"total":69,"covered":49,"skipped":0,"pct":71.01}}
,"D:\\mimo tui\\src\\tools\\docker.ts": {"lines":{"total":77,"covered":59,"skipped":0,"pct":76.62},"functions":{"total":8,"covered":7,"skipped":0,"pct":87.5},"statements":{"total":84,"covered":62,"skipped":0,"pct":73.8},"branches":{"total":54,"covered":35,"skipped":0,"pct":64.81}}
,"D:\\mimo tui\\src\\tools\\edit-file.ts": {"lines":{"total":22,"covered":21,"skipped":0,"pct":95.45},"functions":{"total":2,"covered":2,"skipped":0,"pct":100},"statements":{"total":23,"covered":22,"skipped":0,"pct":95.65},"branches":{"total":10,"covered":9,"skipped":0,"pct":90}}
,"D:\\mimo tui\\src\\tools\\glob.ts": {"lines":{"total":10,"covered":10,"skipped":0,"pct":100},"functions":{"total":2,"covered":2,"skipped":0,"pct":100},"statements":{"total":11,"covered":11,"skipped":0,"pct":100},"branches":{"total":8,"covered":8,"skipped":0,"pct":100}}
,"D:\\mimo tui\\src\\tools\\grep.ts": {"lines":{"total":75,"covered":0,"skipped":0,"pct":0},"functions":{"total":11,"covered":0,"skipped":0,"pct":0},"statements":{"total":88,"covered":0,"skipped":0,"pct":0},"branches":{"total":58,"covered":0,"skipped":0,"pct":0}}
,"D:\\mimo tui\\src\\tools\\multi-edit.ts": {"lines":{"total":32,"covered":30,"skipped":0,"pct":93.75},"functions":{"total":2,"covered":2,"skipped":0,"pct":100},"statements":{"total":34,"covered":32,"skipped":0,"pct":94.11},"branches":{"total":19,"covered":17,"skipped":0,"pct":89.47}}
,"D:\\mimo tui\\src\\tools\\read-file.ts": {"lines":{"total":24,"covered":22,"skipped":0,"pct":91.66},"functions":{"total":3,"covered":3,"skipped":0,"pct":100},"statements":{"total":26,"covered":24,"skipped":0,"pct":92.3},"branches":{"total":16,"covered":14,"skipped":0,"pct":87.5}}
,"D:\\mimo tui\\src\\tools\\registry.ts": {"lines":{"total":19,"covered":19,"skipped":0,"pct":100},"functions":{"total":9,"covered":9,"skipped":0,"pct":100},"statements":{"total":20,"covered":20,"skipped":0,"pct":100},"branches":{"total":6,"covered":5,"skipped":0,"pct":83.33}}
,"D:\\mimo tui\\src\\tools\\shell.ts": {"lines":{"total":40,"covered":32,"skipped":0,"pct":80},"functions":{"total":7,"covered":6,"skipped":0,"pct":85.71},"statements":{"total":45,"covered":35,"skipped":0,"pct":77.77},"branches":{"total":20,"covered":15,"skipped":0,"pct":75}}
,"D:\\mimo tui\\src\\tools\\test-runner.ts": {"lines":{"total":164,"covered":0,"skipped":0,"pct":0},"functions":{"total":11,"covered":0,"skipped":0,"pct":0},"statements":{"total":174,"covered":0,"skipped":0,"pct":0},"branches":{"total":173,"covered":0,"skipped":0,"pct":0}}
,"D:\\mimo tui\\src\\tools\\todo.ts": {"lines":{"total":27,"covered":0,"skipped":0,"pct":0},"functions":{"total":4,"covered":0,"skipped":0,"pct":0},"statements":{"total":32,"covered":0,"skipped":0,"pct":0},"branches":{"total":19,"covered":0,"skipped":0,"pct":0}}
,"D:\\mimo tui\\src\\tools\\web-fetch.ts": {"lines":{"total":14,"covered":14,"skipped":0,"pct":100},"functions":{"total":1,"covered":1,"skipped":0,"pct":100},"statements":{"total":14,"covered":14,"skipped":0,"pct":100},"branches":{"total":8,"covered":8,"skipped":0,"pct":100}}
,"D:\\mimo tui\\src\\tools\\write-file.ts": {"lines":{"total":14,"covered":0,"skipped":0,"pct":0},"functions":{"total":2,"covered":0,"skipped":0,"pct":0},"statements":{"total":15,"covered":0,"skipped":0,"pct":0},"branches":{"total":6,"covered":0,"skipped":0,"pct":0}}
,"D:\\mimo tui\\src\\utils\\context.ts": {"lines":{"total":154,"covered":126,"skipped":0,"pct":81.81},"functions":{"total":17,"covered":17,"skipped":0,"pct":100},"statements":{"total":179,"covered":141,"skipped":0,"pct":78.77},"branches":{"total":112,"covered":65,"skipped":0,"pct":58.03}}
,"D:\\mimo tui\\src\\utils\\cost.ts": {"lines":{"total":31,"covered":0,"skipped":0,"pct":0},"functions":{"total":3,"covered":0,"skipped":0,"pct":0},"statements":{"total":39,"covered":0,"skipped":0,"pct":0},"branches":{"total":14,"covered":0,"skipped":0,"pct":0}}
,"D:\\mimo tui\\src\\utils\\export.ts": {"lines":{"total":35,"covered":0,"skipped":0,"pct":0},"functions":{"total":1,"covered":0,"skipped":0,"pct":0},"statements":{"total":36,"covered":0,"skipped":0,"pct":0},"branches":{"total":18,"covered":0,"skipped":0,"pct":0}}
,"D:\\mimo tui\\src\\utils\\filetree.ts": {"lines":{"total":34,"covered":0,"skipped":0,"pct":0},"functions":{"total":3,"covered":0,"skipped":0,"pct":0},"statements":{"total":41,"covered":0,"skipped":0,"pct":0},"branches":{"total":37,"covered":0,"skipped":0,"pct":0}}
,"D:\\mimo tui\\src\\utils\\git.ts": {"lines":{"total":24,"covered":0,"skipped":0,"pct":0},"functions":{"total":8,"covered":0,"skipped":0,"pct":0},"statements":{"total":33,"covered":0,"skipped":0,"pct":0},"branches":{"total":27,"covered":0,"skipped":0,"pct":0}}
,"D:\\mimo tui\\src\\utils\\health.ts": {"lines":{"total":6,"covered":0,"skipped":0,"pct":0},"functions":{"total":1,"covered":0,"skipped":0,"pct":0},"statements":{"total":6,"covered":0,"skipped":0,"pct":0},"branches":{"total":2,"covered":0,"skipped":0,"pct":0}}
,"D:\\mimo tui\\src\\utils\\history.ts": {"lines":{"total":28,"covered":28,"skipped":0,"pct":100},"functions":{"total":10,"covered":10,"skipped":0,"pct":100},"statements":{"total":32,"covered":32,"skipped":0,"pct":100},"branches":{"total":16,"covered":14,"skipped":0,"pct":87.5}}
,"D:\\mimo tui\\src\\utils\\i18n.ts": {"lines":{"total":12,"covered":0,"skipped":0,"pct":0},"functions":{"total":6,"covered":0,"skipped":0,"pct":0},"statements":{"total":12,"covered":0,"skipped":0,"pct":0},"branches":{"total":11,"covered":0,"skipped":0,"pct":0}}
,"D:\\mimo tui\\src\\utils\\knowledge-base.ts": {"lines":{"total":31,"covered":0,"skipped":0,"pct":0},"functions":{"total":15,"covered":0,"skipped":0,"pct":0},"statements":{"total":36,"covered":0,"skipped":0,"pct":0},"branches":{"total":11,"covered":0,"skipped":0,"pct":0}}
,"D:\\mimo tui\\src\\utils\\logger.ts": {"lines":{"total":18,"covered":8,"skipped":0,"pct":44.44},"functions":{"total":3,"covered":1,"skipped":0,"pct":33.33},"statements":{"total":19,"covered":8,"skipped":0,"pct":42.1},"branches":{"total":14,"covered":6,"skipped":0,"pct":42.85}}
,"D:\\mimo tui\\src\\utils\\memory.ts": {"lines":{"total":45,"covered":0,"skipped":0,"pct":0},"functions":{"total":15,"covered":0,"skipped":0,"pct":0},"statements":{"total":50,"covered":0,"skipped":0,"pct":0},"branches":{"total":15,"covered":0,"skipped":0,"pct":0}}
,"D:\\mimo tui\\src\\utils\\monitor.ts": {"lines":{"total":32,"covered":0,"skipped":0,"pct":0},"functions":{"total":9,"covered":0,"skipped":0,"pct":0},"statements":{"total":36,"covered":0,"skipped":0,"pct":0},"branches":{"total":9,"covered":0,"skipped":0,"pct":0}}
,"D:\\mimo tui\\src\\utils\\notify.ts": {"lines":{"total":16,"covered":0,"skipped":0,"pct":0},"functions":{"total":2,"covered":0,"skipped":0,"pct":0},"statements":{"total":16,"covered":0,"skipped":0,"pct":0},"branches":{"total":8,"covered":0,"skipped":0,"pct":0}}
,"D:\\mimo tui\\src\\utils\\project.ts": {"lines":{"total":69,"covered":0,"skipped":0,"pct":0},"functions":{"total":4,"covered":0,"skipped":0,"pct":0},"statements":{"total":83,"covered":0,"skipped":0,"pct":0},"branches":{"total":81,"covered":0,"skipped":0,"pct":0}}
,"D:\\mimo tui\\src\\utils\\prompt-builder.ts": {"lines":{"total":50,"covered":49,"skipped":0,"pct":98},"functions":{"total":4,"covered":4,"skipped":0,"pct":100},"statements":{"total":51,"covered":50,"skipped":0,"pct":98.03},"branches":{"total":41,"covered":36,"skipped":0,"pct":87.8}}
,"D:\\mimo tui\\src\\utils\\sandbox.ts": {"lines":{"total":23,"covered":0,"skipped":0,"pct":0},"functions":{"total":4,"covered":0,"skipped":0,"pct":0},"statements":{"total":23,"covered":0,"skipped":0,"pct":0},"branches":{"total":10,"covered":0,"skipped":0,"pct":0}}
,"D:\\mimo tui\\src\\utils\\snippets.ts": {"lines":{"total":24,"covered":0,"skipped":0,"pct":0},"functions":{"total":12,"covered":0,"skipped":0,"pct":0},"statements":{"total":27,"covered":0,"skipped":0,"pct":0},"branches":{"total":9,"covered":0,"skipped":0,"pct":0}}
,"D:\\mimo tui\\src\\utils\\suggestions.ts": {"lines":{"total":24,"covered":0,"skipped":0,"pct":0},"functions":{"total":3,"covered":0,"skipped":0,"pct":0},"statements":{"total":26,"covered":0,"skipped":0,"pct":0},"branches":{"total":28,"covered":0,"skipped":0,"pct":0}}
,"D:\\mimo tui\\src\\utils\\task-planner.ts": {"lines":{"total":24,"covered":22,"skipped":0,"pct":91.66},"functions":{"total":7,"covered":7,"skipped":0,"pct":100},"statements":{"total":30,"covered":26,"skipped":0,"pct":86.66},"branches":{"total":14,"covered":8,"skipped":0,"pct":57.14}}
,"D:\\mimo tui\\src\\utils\\templates.ts": {"lines":{"total":10,"covered":0,"skipped":0,"pct":0},"functions":{"total":3,"covered":0,"skipped":0,"pct":0},"statements":{"total":10,"covered":0,"skipped":0,"pct":0},"branches":{"total":5,"covered":0,"skipped":0,"pct":0}}
,"D:\\mimo tui\\src\\utils\\tokens.ts": {"lines":{"total":17,"covered":17,"skipped":0,"pct":100},"functions":{"total":5,"covered":5,"skipped":0,"pct":100},"statements":{"total":18,"covered":18,"skipped":0,"pct":100},"branches":{"total":6,"covered":6,"skipped":0,"pct":100}}
,"D:\\mimo tui\\src\\utils\\watcher.ts": {"lines":{"total":26,"covered":0,"skipped":0,"pct":0},"functions":{"total":9,"covered":0,"skipped":0,"pct":0},"statements":{"total":31,"covered":0,"skipped":0,"pct":0},"branches":{"total":17,"covered":0,"skipped":0,"pct":0}}
,"D:\\mimo tui\\src\\utils\\workflow.ts": {"lines":{"total":4,"covered":0,"skipped":0,"pct":0},"functions":{"total":2,"covered":0,"skipped":0,"pct":0},"statements":{"total":4,"covered":0,"skipped":0,"pct":0},"branches":{"total":2,"covered":0,"skipped":0,"pct":0}}
}
